[33m[nodemon] 3.0.1[39m
[33m[nodemon] to restart at any time, enter `rs`[39m
[33m[nodemon] watching path(s): *.*[39m
[33m[nodemon] watching extensions: js,mjs,cjs,json[39m
[32m[nodemon] starting `node /var/www/node/`[39m
Server started on port 3000
[Error: ENOENT: no such file or directory, open './src/html/nodeTest.html'] {
  errno: -2,
  code: 'ENOENT',
  syscall: 'open',
  path: './src/html/nodeTest.html'
}
[Error: ENOENT: no such file or directory, open './src/html/nodeTest.html'] {
  errno: -2,
  code: 'ENOENT',
  syscall: 'open',
  path: './src/html/nodeTest.html'
}
[Error: ENOENT: no such file or directory, open './src/html/nodeTest.html'] {
  errno: -2,
  code: 'ENOENT',
  syscall: 'open',
  path: './src/html/nodeTest.html'
}
[33m[nodemon] 3.0.1[39m
[33m[nodemon] to restart at any time, enter `rs`[39m
[33m[nodemon] watching path(s): *.*[39m
[33m[nodemon] watching extensions: js,mjs,cjs,json[39m
[32m[nodemon] starting `node /var/www/node/`[39m
Server started on port 3000
[Error: ENOENT: no such file or directory, open './src/html/nodeTest.html'] {
  errno: -2,
  code: 'ENOENT',
  syscall: 'open',
  path: './src/html/nodeTest.html'
}
[Error: ENOENT: no such file or directory, open './src/html/nodeTest.html'] {
  errno: -2,
  code: 'ENOENT',
  syscall: 'open',
  path: './src/html/nodeTest.html'
}
[Error: ENOENT: no such file or directory, open './src/html/nodeTest.html'] {
  errno: -2,
  code: 'ENOENT',
  syscall: 'open',
  path: './src/html/nodeTest.html'
}
[33m[nodemon] 3.0.1[39m
[33m[nodemon] to restart at any time, enter `rs`[39m
[33m[nodemon] watching path(s): *.*[39m
[33m[nodemon] watching extensions: js,mjs,cjs,json[39m
[32m[nodemon] starting `node /var/www/node/`[39m
Server started on port 3000
